2024-11-28 16:29:25 [undefined] error: "[res.error]:"
2024-11-28 16:29:25 [undefined] error: "Service.findHome is not a function"
2024-11-28 16:30:24 [undefined] error: "[res.error]:"
2024-11-28 16:30:24 [undefined] error: "Service.findHome is not a function"
2024-11-28 16:32:18 [undefined] error: "[res.error]:"
2024-11-28 16:32:18 [undefined] error: "Service.findHome is not a function"
2024-11-28 16:33:09 [undefined] error: "[res.error]:"
2024-11-28 16:33:09 [undefined] error: "Service.findHome is not a function"
2024-11-28 16:33:13 [undefined] error: "[res.error]:"
2024-11-28 16:33:13 [undefined] error: "Service.findHome is not a function"
2024-11-28 16:35:54 [undefined] error: "[res.error]:"
2024-11-28 16:35:54 [undefined] error: "Service.findHome is not a function"
2024-11-28 16:35:54 [undefined] error: "[res.error]:"
2024-11-28 16:35:54 [undefined] error: "Service.findHome is not a function"
2024-11-28 17:16:58 [undefined] error: "[res.error]:"
2024-11-28 17:16:58 [undefined] error: "Service.findHome is not a function"
2024-11-28 17:19:54 [undefined] error: "[res.error]:"
2024-11-28 17:19:54 [undefined] error: "Service.findHome is not a function"
2024-11-28 17:19:56 [undefined] error: "[res.error]:"
2024-11-28 17:19:56 [undefined] error: "Service.findHome is not a function"
2024-11-28 17:19:58 [undefined] error: "[res.error]:"
2024-11-28 17:19:58 [undefined] error: "Service.findHome is not a function"
2024-12-02 10:07:06 [undefined] error: "{\"status\":404,\"message\":\"Endpoint Not Found\"}"
2024-12-02 10:07:06 [undefined] error: "{\"status\":404,\"message\":\"Endpoint Not Found\"}"
2024-12-02 10:07:32 [undefined] error: "[res.error]:"
2024-12-02 10:07:32 [undefined] error: "Service.findHome is not a function"
2024-12-02 10:20:41 [undefined] error: "[res.error]:"
2024-12-02 10:20:41 [undefined] error: "Service.findHome is not a function"
2024-12-02 10:20:47 [undefined] error: "[res.error]:"
2024-12-02 10:20:47 [undefined] error: "Service.findHome is not a function"
2024-12-02 10:20:53 [undefined] error: "[res.error]:"
2024-12-02 10:20:53 [undefined] error: "Service.findHome is not a function"
2024-12-02 10:23:11 [undefined] error: "[res.error]:"
2024-12-02 10:23:11 [undefined] error: "Service.findHome is not a function"
2024-12-02 10:23:56 [undefined] error: "{\"status\":404,\"message\":\"Endpoint Not Found\"}"
2024-12-02 10:24:05 [undefined] error: "{\"status\":404,\"message\":\"Endpoint Not Found\"}"
2024-12-02 10:24:10 [undefined] error: "{\"status\":404,\"message\":\"Endpoint Not Found\"}"
2024-12-02 10:24:25 [undefined] error: "{\"status\":404,\"message\":\"Endpoint Not Found\"}"
2024-12-02 10:24:43 [undefined] error: "[res.error]:"
2024-12-02 10:24:43 [undefined] error: "Service.findHome is not a function"
2024-12-02 10:24:49 [undefined] error: "[res.error]:"
2024-12-02 10:24:49 [undefined] error: "Service.findHome is not a function"
2024-12-02 10:24:54 [undefined] error: "[res.error]:"
2024-12-02 10:24:54 [undefined] error: "Service.findHome is not a function"
2024-12-02 10:33:11 [undefined] error: "[res.error]:"
2024-12-02 10:33:11 [undefined] error: "Service.findHome is not a function"
2024-12-02 10:33:37 [undefined] error: "[res.error]:"
2024-12-02 10:33:37 [undefined] error: "Service.findHome is not a function"
2024-12-02 13:22:32 [undefined] error: "{\"status\":404,\"message\":\"Endpoint Not Found\"}"
2024-12-02 14:03:23 [undefined] error: "{\"status\":404,\"message\":\"Endpoint Not Found\"}"
2024-12-02 14:48:24 [undefined] error: "{\"status\":404,\"message\":\"Endpoint Not Found\"}"
2024-12-02 16:28:18 [undefined] error: "{\"status\":404,\"message\":\"Endpoint Not Found\"}"
2024-12-02 17:52:03 [undefined] error: "{\"status\":404,\"message\":\"Endpoint Not Found\"}"
2024-12-02 18:08:06 [undefined] error: "{\"status\":404,\"message\":\"Endpoint Not Found\"}"
2024-12-02 18:19:45 [undefined] error: "{\"status\":404,\"message\":\"Endpoint Not Found\"}"
2024-12-02 18:21:13 [undefined] error: "{\"status\":404,\"message\":\"Endpoint Not Found\"}"
2024-12-02 18:21:22 [undefined] error: "{\"status\":404,\"message\":\"Endpoint Not Found\"}"
2024-12-02 18:21:29 [undefined] error: "{\"status\":404,\"message\":\"Endpoint Not Found\"}"
2024-12-02 18:21:37 [undefined] error: "{\"status\":404,\"message\":\"Endpoint Not Found\"}"
2024-12-02 18:21:44 [undefined] error: "{\"status\":404,\"message\":\"Endpoint Not Found\"}"
2024-12-02 18:22:14 [undefined] error: "{\"status\":404,\"message\":\"Endpoint Not Found\"}"
2024-12-02 18:22:24 [undefined] error: "{\"status\":404,\"message\":\"Endpoint Not Found\"}"
2024-12-02 18:22:31 [undefined] error: "{\"status\":404,\"message\":\"Endpoint Not Found\"}"
2024-12-02 18:22:32 [undefined] error: "{\"status\":404,\"message\":\"Endpoint Not Found\"}"
2024-12-02 18:22:47 [undefined] error: "{\"status\":404,\"message\":\"Endpoint Not Found\"}"
2024-12-02 18:22:47 [undefined] error: "{\"status\":404,\"message\":\"Endpoint Not Found\"}"
2024-12-03 10:16:33 [undefined] error: "{\"status\":404,\"message\":\"Endpoint Not Found\"}"
2024-12-03 10:16:44 [undefined] error: "{\"status\":404,\"message\":\"Endpoint Not Found\"}"
2024-12-03 10:16:48 [undefined] error: "{\"status\":404,\"message\":\"Endpoint Not Found\"}"
2024-12-03 10:21:31 [undefined] error: "{\"status\":404,\"message\":\"Endpoint Not Found\"}"
2024-12-03 10:52:06 [undefined] error: "{\"status\":404,\"message\":\"Endpoint Not Found\"}"
2024-12-03 10:52:06 [undefined] error: "{\"status\":404,\"message\":\"Endpoint Not Found\"}"
2024-12-03 10:52:11 [undefined] error: "{\"status\":404,\"message\":\"Endpoint Not Found\"}"
2024-12-03 10:52:11 [undefined] error: "{\"status\":404,\"message\":\"Endpoint Not Found\"}"
2024-12-03 11:05:35 [undefined] error: "{\"status\":404,\"message\":\"Endpoint Not Found\"}"
2024-12-03 15:35:47 [undefined] error: "{\"status\":404,\"message\":\"Endpoint Not Found\"}"
2024-12-03 15:36:05 [undefined] error: "{\"status\":404,\"message\":\"Endpoint Not Found\"}"
2024-12-03 15:36:09 [undefined] error: "{\"status\":404,\"message\":\"Endpoint Not Found\"}"
2024-12-03 15:37:50 [undefined] error: "[start server error]:"
2024-12-03 15:37:50 [undefined] error: "{\"code\":\"EADDRNOTAVAIL\",\"errno\":-4090,\"syscall\":\"listen\",\"address\":\"192.168.0.199\",\"port\":3001}"
2024-12-03 15:39:44 [undefined] error: "[start server error]:"
2024-12-03 15:39:44 [undefined] error: "{\"code\":\"EADDRNOTAVAIL\",\"errno\":-4090,\"syscall\":\"listen\",\"address\":\"192.168.0.199\",\"port\":3001}"
2024-12-03 15:45:10 [undefined] error: "{\"status\":404,\"message\":\"Endpoint Not Found\"}"
2024-12-04 18:36:45 [undefined] error: "[start server error]:"
2024-12-04 18:36:45 [undefined] error: "{\"code\":\"EADDRNOTAVAIL\",\"errno\":-4090,\"syscall\":\"listen\",\"address\":\"192.168.0.199\",\"port\":3001}"
2024-12-06 10:44:02 [undefined] error: "[start server error]:"
2024-12-06 10:44:02 [undefined] error: "{\"code\":\"EADDRNOTAVAIL\",\"errno\":-4090,\"syscall\":\"listen\",\"address\":\"192.168.0.199\",\"port\":3001}"
2024-12-06 10:44:41 [undefined] error: "[start server error]:"
2024-12-06 10:44:41 [undefined] error: "{\"code\":\"EADDRNOTAVAIL\",\"errno\":-4090,\"syscall\":\"listen\",\"address\":\"192.168.0.199\",\"port\":3001}"
2024-12-06 10:47:00 [undefined] error: "[start server error]:"
2024-12-06 10:47:00 [undefined] error: "{\"code\":\"EADDRNOTAVAIL\",\"errno\":-4090,\"syscall\":\"listen\",\"address\":\"192.168.0.199\",\"port\":3001}"
2024-12-06 11:31:10 [undefined] error: "[start server error]:"
2024-12-06 11:31:10 [undefined] error: "{\"code\":\"EADDRNOTAVAIL\",\"errno\":-4090,\"syscall\":\"listen\",\"address\":\"192.168.0.199\",\"port\":3001}"
2024-12-11 10:44:00 [undefined] error: "[res.error]:"
2024-12-11 10:44:00 [undefined] error: "page: not found"
2024-12-11 10:44:00 [undefined] error: "[res.error]:"
2024-12-11 10:44:00 [undefined] error: "page: not found"
2024-12-11 10:44:00 [undefined] error: "[res.error]:"
2024-12-11 10:44:00 [undefined] error: "read ECONNRESET"
2024-12-11 10:44:00 [undefined] error: "[res.error]:"
2024-12-11 10:44:00 [undefined] error: "page: not found"
2024-12-11 14:47:20 [undefined] error: "[start server error]:"
2024-12-11 14:47:20 [undefined] error: "{\"code\":\"EADDRNOTAVAIL\",\"errno\":-4090,\"syscall\":\"listen\",\"address\":\"192.168.0.199\",\"port\":3001}"
2024-12-11 16:15:44 [undefined] error: "[start server error]:"
2024-12-11 16:15:44 [undefined] error: "{\"code\":\"EADDRNOTAVAIL\",\"errno\":-4090,\"syscall\":\"listen\",\"address\":\"192.168.0.199\",\"port\":3001}"
2024-12-19 14:00:22 [undefined] error: "[start server error]:"
2024-12-19 14:00:22 [undefined] error: "{\"code\":\"EADDRNOTAVAIL\",\"errno\":-4090,\"syscall\":\"listen\",\"address\":\"192.168.0.199\",\"port\":3001}"
